{
  "status": "active",
  "events_received": 15847,
  "events_processed": 15839,
  "events_queued": 8,
  "errors": 0,
  "last_received": "2025-09-11T14:23:15Z",
  "average_rate": "247 events/sec",
  "peak_rate": "890 events/sec",
  "source_hosts": [
    {
      "hostname": "WS-FINANCE-01",
      "ip": "10.44.44.15",
      "events": 3248,
      "last_event": "2025-09-11T14:23:15Z",
      "top_events": [
        {"id": 4624, "count": 145, "level": "Information", "description": "Account logon"},
        {"id": 4634, "count": 132, "description": "Account logoff"},
        {"id": 7036, "count": 23, "level": "Information", "description": "Service state change"}
      ]
    },
    {
      "hostname": "WS-SALES-03", 
      "ip": "10.44.44.18",
      "events": 2891,
      "last_event": "2025-09-11T14:22:58Z",
      "top_events": [
        {"id": 1074, "count": 5, "level": "Information", "description": "System shutdown initiated"},
        {"id": 6008, "count": 12, "level": "Information", "description": "Previous system shutdown was unexpected"},
        {"id": 4625, "count": 8, "level": "Warning", "description": "Account failed to log on"}
      ]
    },
    {
      "hostname": "DC-PRIMARY",
      "ip": "10.44.44.10", 
      "events": 5623,
      "last_event": "2025-09-11T14:23:12Z",
      "top_events": [
        {"id": 4768, "count": 234, "level": "Information", "description": "Kerberos authentication ticket granted"},
        {"id": 4776, "count": 89, "level": "Information", "description": "Domain controller attempted to validate credentials"},
        {"id": 5136, "count": 12, "level": "Information", "description": "Directory service object was modified"}
      ]
    }
  ],
  "event_levels": {
    "Critical": 2,
    "Error": 15,
    "Warning": 234,
    "Information": 15588,
    "Verbose": 0
  },
  "event_channels": {
    "System": 8234,
    "Application": 4523,
    "Security": 2890,
    "Setup": 12,
    "Microsoft-Windows-PowerShell/Operational": 188
  },
  "recent_events": [
    {
      "timestamp": "2025-09-11T14:23:15Z",
      "hostname": "WS-FINANCE-01",
      "event_id": 4624,
      "level": "Information", 
      "channel": "Security",
      "message": "An account was successfully logged on",
      "user": "DOMAIN\\jsmith",
      "workstation": "WS-FINANCE-01"
    },
    {
      "timestamp": "2025-09-11T14:22:58Z",
      "hostname": "WS-SALES-03",
      "event_id": 4625,
      "level": "Warning",
      "channel": "Security", 
      "message": "An account failed to log on",
      "user": "DOMAIN\\baduser",
      "workstation": "WS-SALES-03",
      "reason": "Bad username or password"
    },
    {
      "timestamp": "2025-09-11T14:22:45Z",
      "hostname": "DC-PRIMARY",
      "event_id": 4768,
      "level": "Information",
      "channel": "Security",
      "message": "A Kerberos authentication ticket (TGT) was requested",
      "user": "DOMAIN\\admin",
      "client_ip": "10.44.44.15"
    }
  ],
  "configuration": {
    "collection_port": 8084,
    "enabled": true,
    "collection_protocol": "HTTP/JSON",
    "buffer_size": "50MB", 
    "forwarding_target": "obs.rectitude.net:8084",
    "forwarding_enabled": true
  },
  "performance": {
    "cpu_usage": "2.3%",
    "memory_usage": "45MB",
    "disk_io_rate": "1.2MB/s",
    "network_io_rate": "834KB/s",
    "buffer_utilization": "18%"
  }
}